<?xml version="1.0" encoding="UTF-8"?>
<robot generator="Robot 3.2.2 (Python 3.9.0 on win32)" generated="20210104 16:37:53.658" rpa="false">
<suite id="s1" name="Testcase1" source="C:\Users\Anna_Poimenova\PycharmProjects\robot-framework\TestCases\testcase1.robot">
<kw name="Go to google" type="setup">
<kw name="Create Webdriver" library="SeleniumLibrary">
<doc>Creates an instance of Selenium WebDriver.</doc>
<arguments>
<arg>Firefox</arg>
<arg>executable_path=C:/Users/Anna_Poimenova/PycharmProjects/robot-framework/TestCases/geckodriver-v0.28.0-win64/geckodriver.exe</arg>
</arguments>
<msg timestamp="20210104 16:37:53.891" level="INFO">Creating an instance of the Firefox WebDriver.</msg>
<status status="PASS" starttime="20210104 16:37:53.891" endtime="20210104 16:38:00.308"></status>
</kw>
<kw name="Go To" library="SeleniumLibrary">
<doc>Navigates the current browser window to the provided ``url``.</doc>
<arguments>
<arg>https://habr.com/ru</arg>
</arguments>
<msg timestamp="20210104 16:38:00.308" level="INFO">Opening url 'https://habr.com/ru'</msg>
<status status="PASS" starttime="20210104 16:38:00.308" endtime="20210104 16:39:25.748"></status>
</kw>
<status status="PASS" starttime="20210104 16:37:53.890" endtime="20210104 16:39:25.748"></status>
</kw>
<test id="s1-t1" name="Test">
<kw name="Search and check">
<arguments>
<arg>pytest</arg>
<arg>python</arg>
</arguments>
<kw name="Click Button" library="SeleniumLibrary">
<doc>Clicks the button identified by ``locator``.</doc>
<arguments>
<arg>id=search-form-btn</arg>
</arguments>
<msg timestamp="20210104 16:39:25.750" level="INFO">Clicking button 'id=search-form-btn'.</msg>
<status status="PASS" starttime="20210104 16:39:25.750" endtime="20210104 16:39:26.058"></status>
</kw>
<kw name="Input Text" library="SeleniumLibrary">
<doc>Types the given ``text`` into the text field identified by ``locator``.</doc>
<arguments>
<arg>id=search-form-field</arg>
<arg>${query}</arg>
</arguments>
<msg timestamp="20210104 16:39:26.059" level="INFO">Typing text 'pytest' into text field 'id=search-form-field'.</msg>
<status status="PASS" starttime="20210104 16:39:26.058" endtime="20210104 16:39:26.129"></status>
</kw>
<kw name="Press Keys" library="SeleniumLibrary">
<doc>Simulates the user pressing key(s) to an element or on the active browser.</doc>
<arguments>
<arg>id=search-form-field</arg>
<arg>ENTER</arg>
</arguments>
<msg timestamp="20210104 16:39:26.131" level="INFO">Sending key(s) ('ENTER',) to id=search-form-field element.</msg>
<msg timestamp="20210104 16:39:26.457" level="INFO">Pressing special key ENTER to element.</msg>
<msg timestamp="20210104 16:39:26.457" level="INFO">Releasing special key ENTER.</msg>
<status status="PASS" starttime="20210104 16:39:26.129" endtime="20210104 16:39:26.493"></status>
</kw>
<kw name="Wait Until Page Contains" library="SeleniumLibrary">
<doc>Waits until ``text`` appears on the current page.</doc>
<arguments>
<arg>${expected_result}</arg>
</arguments>
<status status="PASS" starttime="20210104 16:39:26.494" endtime="20210104 16:39:27.684"></status>
</kw>
<status status="PASS" starttime="20210104 16:39:25.750" endtime="20210104 16:39:27.684"></status>
</kw>
<status status="PASS" starttime="20210104 16:39:25.748" endtime="20210104 16:39:27.685" critical="yes"></status>
</test>
<kw name="Close All Browsers" library="SeleniumLibrary" type="teardown">
<doc>Closes all open browsers and resets the browser cache.</doc>
<status status="PASS" starttime="20210104 16:39:27.687" endtime="20210104 16:39:29.323"></status>
</kw>
<status status="PASS" starttime="20210104 16:37:53.659" endtime="20210104 16:39:29.323"></status>
</suite>
<statistics>
<total>
<stat pass="1" fail="0">Critical Tests</stat>
<stat pass="1" fail="0">All Tests</stat>
</total>
<tag>
</tag>
<suite>
<stat pass="1" fail="0" id="s1" name="Testcase1">Testcase1</stat>
</suite>
</statistics>
<errors>
</errors>
</robot>
