<?xml version="1.0" encoding="UTF-8"?>
<robot generator="Robot 3.2.2 (Python 3.9.0 on win32)" generated="20210111 16:47:35.955" rpa="false">
<suite id="s1" name="Test Case1" source="C:\Users\Anna_Poimenova\PycharmProjects\RobotProject\test\test_case1.robot">
<kw name="Go to google" type="setup">
<kw name="Create Webdriver" library="SeleniumLibrary">
<doc>Creates an instance of Selenium WebDriver.</doc>
<arguments>
<arg>Chrome</arg>
<arg>executable_path=C:/Users/Anna_Poimenova/PycharmProjects/RobotProject/test/chromedriver_win32/chromedriver.exe</arg>
</arguments>
<msg timestamp="20210111 16:47:36.123" level="INFO">Creating an instance of the Chrome WebDriver.</msg>
<status status="PASS" starttime="20210111 16:47:36.123" endtime="20210111 16:47:39.346"></status>
</kw>
<kw name="Go To" library="SeleniumLibrary">
<doc>Navigates the current browser window to the provided ``url``.</doc>
<arguments>
<arg>https://habr.com/ru</arg>
</arguments>
<msg timestamp="20210111 16:47:39.349" level="INFO">Opening url 'https://habr.com/ru'</msg>
<status status="PASS" starttime="20210111 16:47:39.349" endtime="20210111 16:49:46.701"></status>
</kw>
<status status="PASS" starttime="20210111 16:47:36.122" endtime="20210111 16:49:46.701"></status>
</kw>
<test id="s1-t1" name="Test">
<kw name="Check test data first">
<arguments>
<arg>2</arg>
<arg>22</arg>
</arguments>
<kw name="Test Data First" library="FirstModule">
<arguments>
<arg>${query}</arg>
</arguments>
<msg timestamp="20210111 16:49:46.702" level="INFO">2</msg>
<status status="PASS" starttime="20210111 16:49:46.702" endtime="20210111 16:49:46.702"></status>
</kw>
<kw name="Result Check" library="FirstModule">
<arguments>
<arg>${expected_result}</arg>
</arguments>
<msg timestamp="20210111 16:49:46.702" level="INFO">22</msg>
<status status="PASS" starttime="20210111 16:49:46.702" endtime="20210111 16:49:46.702"></status>
</kw>
<status status="PASS" starttime="20210111 16:49:46.701" endtime="20210111 16:49:46.702"></status>
</kw>
<kw name="Search and check">
<arguments>
<arg>pytest</arg>
<arg>python</arg>
</arguments>
<kw name="Click Button" library="SeleniumLibrary">
<doc>Clicks the button identified by ``locator``.</doc>
<arguments>
<arg>id=search-form-btn</arg>
</arguments>
<msg timestamp="20210111 16:49:46.703" level="INFO">Clicking button 'id=search-form-btn'.</msg>
<status status="PASS" starttime="20210111 16:49:46.703" endtime="20210111 16:49:46.854"></status>
</kw>
<kw name="Input Text" library="SeleniumLibrary">
<doc>Types the given ``text`` into the text field identified by ``locator``.</doc>
<arguments>
<arg>id=search-form-field</arg>
<arg>${query}</arg>
</arguments>
<msg timestamp="20210111 16:49:46.855" level="INFO">Typing text 'pytest' into text field 'id=search-form-field'.</msg>
<status status="PASS" starttime="20210111 16:49:46.855" endtime="20210111 16:49:46.970"></status>
</kw>
<kw name="Press Keys" library="SeleniumLibrary">
<doc>Simulates the user pressing key(s) to an element or on the active browser.</doc>
<arguments>
<arg>id=search-form-field</arg>
<arg>ENTER</arg>
</arguments>
<msg timestamp="20210111 16:49:46.970" level="INFO">Sending key(s) ('ENTER',) to id=search-form-field element.</msg>
<msg timestamp="20210111 16:49:47.266" level="INFO">Pressing special key ENTER to element.</msg>
<msg timestamp="20210111 16:49:47.266" level="INFO">Releasing special key ENTER.</msg>
<status status="PASS" starttime="20210111 16:49:46.970" endtime="20210111 16:51:54.226"></status>
</kw>
<status status="PASS" starttime="20210111 16:49:46.703" endtime="20210111 16:51:54.227"></status>
</kw>
<tags>
<tag>basic</tag>
</tags>
<status status="PASS" starttime="20210111 16:49:46.701" endtime="20210111 16:51:54.227" critical="yes"></status>
</test>
<kw name="Close All Browsers" library="SeleniumLibrary" type="teardown">
<doc>Closes all open browsers and resets the browser cache.</doc>
<status status="PASS" starttime="20210111 16:51:54.230" endtime="20210111 16:51:56.421"></status>
</kw>
<status status="PASS" starttime="20210111 16:47:35.956" endtime="20210111 16:51:56.422"></status>
</suite>
<statistics>
<total>
<stat pass="1" fail="0">Critical Tests</stat>
<stat pass="1" fail="0">All Tests</stat>
</total>
<tag>
<stat pass="1" fail="0">basic</stat>
</tag>
<suite>
<stat pass="1" fail="0" id="s1" name="Test Case1">Test Case1</stat>
</suite>
</statistics>
<errors>
</errors>
</robot>
